mode: set
github.com/tommzn/hdb-datasource-/consumer.go:15.111,22.2 1 1
github.com/tommzn/hdb-datasource-/consumer.go:24.58,30.73 4 1
github.com/tommzn/hdb-datasource-/consumer.go:34.2,37.30 3 1
github.com/tommzn/hdb-datasource-/consumer.go:40.2,40.12 1 1
github.com/tommzn/hdb-datasource-/consumer.go:30.73,33.3 2 1
github.com/tommzn/hdb-datasource-/consumer.go:37.30,39.3 1 1
github.com/tommzn/hdb-datasource-/consumer.go:43.66,45.2 1 1
github.com/tommzn/hdb-datasource-/consumer.go:47.84,49.2 1 1
github.com/tommzn/hdb-datasource-/consumer.go:51.62,55.32 3 1
github.com/tommzn/hdb-datasource-/consumer.go:58.2,58.16 1 1
github.com/tommzn/hdb-datasource-/consumer.go:55.32,57.3 1 1
github.com/tommzn/hdb-datasource-/consumer.go:61.88,67.21 4 1
github.com/tommzn/hdb-datasource-/consumer.go:72.2,73.28 2 1
github.com/tommzn/hdb-datasource-/consumer.go:78.2,85.40 2 1
github.com/tommzn/hdb-datasource-/consumer.go:67.21,70.3 2 1
github.com/tommzn/hdb-datasource-/consumer.go:73.28,76.3 2 1
github.com/tommzn/hdb-datasource-/consumer.go:85.40,87.3 1 1
github.com/tommzn/hdb-datasource-/consumer.go:90.61,102.2 10 1
github.com/tommzn/hdb-datasource-/consumer.go:104.84,108.44 3 1
github.com/tommzn/hdb-datasource-/consumer.go:112.2,112.27 1 1
github.com/tommzn/hdb-datasource-/consumer.go:108.44,111.3 2 1
github.com/tommzn/hdb-datasource-/mock.go:8.46,10.2 1 1
github.com/tommzn/hdb-datasource-/mock.go:12.40,14.2 1 1
github.com/tommzn/hdb-datasource-/mock.go:15.45,17.2 1 1
github.com/tommzn/hdb-datasource-/mock.go:19.44,21.2 1 1
github.com/tommzn/hdb-datasource-/mock.go:23.48,25.2 1 1
github.com/tommzn/hdb-datasource-/mock.go:27.46,29.2 1 1
github.com/tommzn/hdb-datasource-/mock.go:31.35,33.2 1 1
github.com/tommzn/hdb-datasource-/targets.go:5.52,9.2 1 1
github.com/tommzn/hdb-datasource-/targets.go:11.66,15.2 2 1
github.com/tommzn/hdb-datasource-/targets.go:17.41,21.2 1 1
github.com/tommzn/hdb-datasource-/targets.go:23.72,26.2 2 1
github.com/tommzn/hdb-datasource-/test_utils.go:11.56,14.21 2 1
github.com/tommzn/hdb-datasource-/test_utils.go:17.2,19.15 3 1
github.com/tommzn/hdb-datasource-/test_utils.go:14.21,16.3 1 1
github.com/tommzn/hdb-datasource-/test_utils.go:23.53,25.2 1 1
github.com/tommzn/hdb-datasource-/test_utils.go:28.33,30.2 1 1
github.com/tommzn/hdb-datasource-/test_utils.go:32.43,34.2 1 1
github.com/tommzn/hdb-datasource-/test_utils.go:36.70,38.2 1 1
github.com/tommzn/hdb-datasource-/test_utils.go:40.36,45.2 1 1
github.com/tommzn/hdb-datasource-/test_utils.go:47.57,52.2 1 1
github.com/tommzn/hdb-datasource-/utils.go:9.44,13.21 3 1
github.com/tommzn/hdb-datasource-/utils.go:17.2,17.12 1 1
github.com/tommzn/hdb-datasource-/utils.go:13.21,16.3 2 1
github.com/tommzn/hdb-datasource-/utils.go:20.51,22.68 1 1
github.com/tommzn/hdb-datasource-/utils.go:25.2,26.16 2 1
github.com/tommzn/hdb-datasource-/utils.go:22.68,24.3 1 1
github.com/tommzn/hdb-datasource-/utils.go:30.49,32.19 2 1
github.com/tommzn/hdb-datasource-/utils.go:38.2,38.15 1 1
github.com/tommzn/hdb-datasource-/utils.go:32.19,34.34 2 1
github.com/tommzn/hdb-datasource-/utils.go:34.34,36.4 1 1
